<?xml version="1.0" encoding="UTF-8"?>
<testsuite xmlns:xsi="http://www.w3.org/2001/XMLSchema-instance" xsi:noNamespaceSchemaLocation="https://maven.apache.org/surefire/maven-surefire-plugin/xsd/surefire-test-report-3.0.xsd" version="3.0" name="TestSuite" time="2.563" tests="1" errors="0" skipped="0" failures="0">
  <properties>
[...]
</properties>
  <testcase name="runScenario[&quot;Verify add a place functionality using add place api&quot;, &quot;Validating place API&apos;s&quot;](1)" classname="cucumberOptions.TestRunner" time="1.809">
    <system-out><![CDATA[
Scenario: Verify add a place functionality using add place api  &amp#27;[90m# src/test/java/features/PlaceValidation.feature:3&amp#27;[0m
  &amp#27;[32mGiven &amp#27;[0m&amp#27;[32mAdd place payload&amp#27;[0m                                       &amp#27;[90m# stepDefinitions.StepDefiniton.add_place_payload()&amp#27;[0m
  &amp#27;[32mWhen &amp#27;[0m&amp#27;[32muser call the &amp#27;[0m&amp#27;[32m&amp#27;[1m"addPlaceAPI"&amp#27;[0m&amp#27;[32m api with &amp#27;[0m&amp#27;[32m&amp#27;[1m"post"&amp#27;[0m&amp#27;[32m http request&amp#27;[0m &amp#27;[90m# stepDefinitions.StepDefiniton.user_call_the_api_with_post_http_request(java.lang.String,java.lang.String)&amp#27;[0m
  &amp#27;[32mThen &amp#27;[0m&amp#27;[32madded place api should be success with status code &amp#27;[0m&amp#27;[32m&amp#27;[1m200&amp#27;[0m   &amp#27;[90m# stepDefinitions.StepDefiniton.added_place_api_should_be_success_with_status_code(java.lang.Integer)&amp#27;[0m
--------------------------
  &amp#27;[32mAnd &amp#27;[0m&amp#27;[32mthe &amp#27;[0m&amp#27;[32m&amp#27;[1m"status"&amp#27;[0m&amp#27;[32m in response is &amp#27;[0m&amp#27;[32m&amp#27;[1m"OK"&amp#27;[0m                          &amp#27;[90m# stepDefinitions.StepDefiniton.the_in_response_is(java.lang.String,java.lang.String)&amp#27;[0m
--------------------------
  &amp#27;[32mAnd &amp#27;[0m&amp#27;[32m&amp#27;[0m&amp#27;[32m&amp#27;[1m"scope"&amp#27;[0m&amp#27;[32m in response body is &amp#27;[0m&amp#27;[32m&amp#27;[1m"APP"&amp#27;[0m                         &amp#27;[90m# stepDefinitions.StepDefiniton.in_response_body_is(java.lang.String,java.lang.String)&amp#27;[0m
]]></system-out>
    <system-err><![CDATA[SLF4J: Failed to load class "org.slf4j.impl.StaticLoggerBinder".
SLF4J: Defaulting to no-operation (NOP) logger implementation
SLF4J: See http://www.slf4j.org/codes.html#StaticLoggerBinder for further details.
]]></system-err>
  </testcase>
</testsuite>